<?xml version="1.0" encoding="UTF-8"?>
<!-- Generated by org.testng.reporters.JUnitReportReporter -->
<testsuite hostname="DESKTOP-K74TRD8" name="org.example.TestDeleteTicket_Ruchira" tests="2" failures="0" timestamp="3 Jun 2022 03:14:30 GMT" time="4.104" errors="0">
  <testcase name="postBookTicket" time="4.043" classname="org.example.TestDeleteTicket_Ruchira"/>
  <testcase name="postDeleteTicket" time="0.061" classname="org.example.TestDeleteTicket_Ruchira"/>
</testsuite> <!-- org.example.TestDeleteTicket_Ruchira -->
